C51 COMPILER V9.02   18B20                                                                 03/18/2016 09:44:30 PAGE 1   


C51 COMPILER V9.02, COMPILATION OF MODULE 18B20
OBJECT MODULE PLACED IN .\18b20.obj
COMPILER INVOKED BY: D:\msprograms\keil4\C51\BIN\C51.EXE ..\board\src\18b20.c OPTIMIZE(2,SPEED) BROWSE INCDIR(../head;..
                    -/board/head) DEBUG OBJECTEXTEND PRINT(.\18b20.lst) OBJECT(.\18b20.obj)

line level    source

   1          #include "18b20.h"
   2          
   3          static void b20_delay(unsigned int period)
   4          {
   5   1              xdata unsigned int i;
   6   1      
   7   1              for(i = 0; i < period; i ++)
   8   1              {
   9   2                      _nop_(); _nop_(); _nop_(); _nop_(); _nop_(); _nop_();
  10   2                      _nop_(); _nop_(); _nop_(); _nop_(); _nop_(); _nop_();
  11   2                      _nop_(); _nop_(); _nop_(); _nop_(); _nop_(); _nop_();
  12   2              }
  13   1      }
  14          
  15          static void b20_reset(void)
  16          {
  17   1              DQ = 0;
  18   1              b20_delay(500);
  19   1              DQ = 1;
  20   1              while(DQ);
  21   1              while(!DQ);
  22   1              b20_delay(1);
  23   1      }
  24          
  25          static void b20_writebyte(unsigned char dat)
  26          {
  27   1              xdata unsigned char i = 0;
  28   1      
  29   1              for(i = 0; i < 8; i ++)
  30   1              {
  31   2                      DQ = 0;
  32   2                      b20_delay(1);
  33   2                      DQ = dat & 0x01;
  34   2                      b20_delay(70);
  35   2                      DQ = 1;
  36   2                      dat = dat >> 1;
  37   2                      b20_delay(1);
  38   2              }
  39   1              b20_delay(50);
  40   1      }
  41          
  42          static unsigned char b20_readbyte(void)
  43          {
  44   1              xdata unsigned char i = 0,dat = 0;
  45   1      
  46   1              for(i = 0; i < 8; i ++)
  47   1              {
  48   2                      DQ = 0;
  49   2                      b20_delay(2);
  50   2                      DQ = 1;
  51   2                      b20_delay(2);
  52   2                      dat = dat >> 1;
  53   2                      if(DQ)
  54   2                      {
C51 COMPILER V9.02   18B20                                                                 03/18/2016 09:44:30 PAGE 2   

  55   3                              dat = dat | 0x80;
  56   3                      }
  57   2                      DQ = 1;
  58   2                      b20_delay(50);          
  59   2              }
  60   1      
  61   1              return dat;
  62   1      }
  63          
  64          unsigned char get_temp(void)
  65          {
  66   1              xdata unsigned char low,high;
  67   1              xdata unsigned char temp;
  68   1              
  69   1              EA = 0;
  70   1              b20_reset();
  71   1              b20_writebyte(0xCC);
  72   1              b20_writebyte(0x44); //启动温度转换
  73   1      //      b20_delay(500);
  74   1              
  75   1              b20_reset();
  76   1              b20_writebyte(0xCC);
  77   1              b20_writebyte(0xBE); //读取寄存器
  78   1              low = b20_readbyte(); //低字节
  79   1              high = b20_readbyte(); //高字节
  80   1              
  81   1              temp = high<<4;
  82   1              temp |= (low>>4);
  83   1              EA = 1;
  84   1              return temp;
  85   1      }


MODULE INFORMATION:   STATIC OVERLAYABLE
   CODE SIZE        =    352    ----
   CONSTANT SIZE    =   ----    ----
   XDATA SIZE       =   ----       8
   PDATA SIZE       =   ----    ----
   DATA SIZE        =   ----       3
   IDATA SIZE       =   ----    ----
   BIT SIZE         =   ----    ----
END OF MODULE INFORMATION.


C51 COMPILATION COMPLETE.  0 WARNING(S),  0 ERROR(S)
