C51 COMPILER V9.02   HC_SR04                                                               03/18/2016 09:44:31 PAGE 1   


C51 COMPILER V9.02, COMPILATION OF MODULE HC_SR04
OBJECT MODULE PLACED IN .\hc_sr04.obj
COMPILER INVOKED BY: D:\msprograms\keil4\C51\BIN\C51.EXE ..\board\src\hc_sr04.c OPTIMIZE(2,SPEED) BROWSE INCDIR(../head;
                    -../board/head) DEBUG OBJECTEXTEND PRINT(.\hc_sr04.lst) OBJECT(.\hc_sr04.obj)

line level    source

   1          #include "hc_sr04.h"
   2          
   3          static void sr04_delay(unsigned int period)
   4          {
   5   1              xdata unsigned int i;
   6   1      
   7   1              for(i = 0; i < period; i ++)
   8   1              {
   9   2                      _nop_(); _nop_(); _nop_(); _nop_(); _nop_(); _nop_();
  10   2                      _nop_(); _nop_(); _nop_(); _nop_(); _nop_(); _nop_();
  11   2              }
  12   1      }
  13          
  14          static void sr04_timer_init(void)
  15          {
  16   1              AUXR &= 0x7F;           //定时器时钟12T模式
  17   1              TMOD &= 0xF0;           //设置定时器模式
  18   1              TL0 = 0;                //设置定时初值
  19   1              TH0 = 0;                //设置定时初值
  20   1              TF0 = 0;                //清除TF0标志
  21   1      }
  22          
  23          unsigned int get_distance(void)
  24          {
  25   1              xdata unsigned char i;
  26   1      
  27   1              sr04_timer_init();
  28   1              for(i = 0; i < 8; i ++)
  29   1              {
  30   2                      HC_TX = 1;
  31   2                      sr04_delay(2);
  32   2                      HC_TX = 0;
  33   2                      sr04_delay(2);
  34   2              }
  35   1              TR0 = 1;                //定时器0开始计时
  36   1              while((HC_RX == 1) && (TF0 == 0));
  37   1              TR0 = 0;                //关闭计时
  38   1              if(TF0 == 1)
  39   1              {
  40   2                      TF0 = 0;
  41   2                      return 255;
  42   2              }
  43   1              return((TH0 * 256 + TL0) * 17 / 1000);
  44   1      }


MODULE INFORMATION:   STATIC OVERLAYABLE
   CODE SIZE        =    171    ----
   CONSTANT SIZE    =   ----    ----
   XDATA SIZE       =   ----       3
   PDATA SIZE       =   ----    ----
   DATA SIZE        =   ----       2
   IDATA SIZE       =   ----    ----
   BIT SIZE         =   ----    ----
C51 COMPILER V9.02   HC_SR04                                                               03/18/2016 09:44:31 PAGE 2   

END OF MODULE INFORMATION.


C51 COMPILATION COMPLETE.  0 WARNING(S),  0 ERROR(S)
