C51 COMPILER V9.02   1602                                                                  03/18/2016 09:44:29 PAGE 1   


C51 COMPILER V9.02, COMPILATION OF MODULE 1602
OBJECT MODULE PLACED IN .\1602.obj
COMPILER INVOKED BY: D:\msprograms\keil4\C51\BIN\C51.EXE ..\board\src\1602.c OPTIMIZE(2,SPEED) BROWSE INCDIR(../head;../
                    -board/head) DEBUG OBJECTEXTEND PRINT(.\1602.lst) OBJECT(.\1602.obj)

line level    source

   1          #include "lcd1602.h"
   2          
   3          static void lcd1602_delay(void)
   4          {
   5   1              unsigned char xdata i;
   6   1              for(i = 0; i < 30; i ++)
   7   1              {
   8   2                      _nop_();
   9   2              }
  10   1      }
  11          
  12          static void lcd1602_write_cmd(unsigned char cmd)
  13          {
  14   1              EN = 0;
  15   1              RS = 0;
  16   1              RW = 0;
  17   1              _nop_();
  18   1      
  19   1              EN = 1;
  20   1              P0 = cmd;
  21   1              lcd1602_delay(); lcd1602_delay(); lcd1602_delay();
  22   1              EN = 0;
  23   1              lcd1602_delay();
  24   1      }
  25          
  26          static void lcd1602_write_dat(unsigned char dat)
  27          {
  28   1              EN = 0;
  29   1              RS = 1;
  30   1              RW = 0;
  31   1              _nop_(); 
  32   1      
  33   1              EN = 1;
  34   1              P0 = dat;
  35   1              lcd1602_delay(); lcd1602_delay(); lcd1602_delay();
  36   1              EN = 0;
  37   1              lcd1602_delay();        
  38   1      }
  39          
  40          void lcd1602_clr(void)
  41          {
  42   1              lcd1602_write_cmd(CLEAR_SCR);
  43   1      }
  44          
  45          void lcd1602_init(void)
  46          {
  47   1              lcd1602_write_cmd(NORMAL_DIS);
  48   1              lcd1602_write_cmd(NORMAL_DIS);
  49   1              lcd1602_delay(); lcd1602_delay(); lcd1602_delay();
  50   1              lcd1602_write_cmd(NORMAL_DIS);
  51   1              lcd1602_write_cmd(0x06);
  52   1              lcd1602_write_cmd(CURR_SCRN);
  53   1              lcd1602_write_cmd(DIS_CUR_FIC);
  54   1              lcd1602_write_cmd(CLEAR_SCR);
C51 COMPILER V9.02   1602                                                                  03/18/2016 09:44:29 PAGE 2   

  55   1      
  56   1      }
  57          
  58          void lcd1602_dis(unsigned char addr, unsigned char dat)
  59          {
  60   1              lcd1602_write_cmd(addr);
  61   1              lcd1602_write_dat(dat);
  62   1      }
  63          
  64          void lcd1602_dis_str(unsigned char addr, unsigned char *str)
  65          {
  66   1              while(*str)
  67   1              {
  68   2                      if(addr == 0x80 + 16)
  69   2                      {
  70   3                              addr = 0x80 + 0x40;
  71   3                      }
  72   2                      lcd1602_write_cmd(addr++);
  73   2                      lcd1602_write_dat(*str++); 
  74   2              }
  75   1      }


MODULE INFORMATION:   STATIC OVERLAYABLE
   CODE SIZE        =    210    ----
   CONSTANT SIZE    =   ----    ----
   XDATA SIZE       =   ----       1
   PDATA SIZE       =   ----    ----
   DATA SIZE        =   ----       8
   IDATA SIZE       =   ----    ----
   BIT SIZE         =   ----    ----
END OF MODULE INFORMATION.


C51 COMPILATION COMPLETE.  0 WARNING(S),  0 ERROR(S)
