C51 COMPILER V9.02   CHAR                                                                  03/10/2016 13:23:19 PAGE 1   


C51 COMPILER V9.02, COMPILATION OF MODULE CHAR
OBJECT MODULE PLACED IN .\char.obj
COMPILER INVOKED BY: D:\msprograms\keil4\C51\BIN\C51.EXE ..\src\char.c OPTIMIZE(2,SPEED) BROWSE INCDIR(../head) DEBUG OB
                    -JECTEXTEND PRINT(.\char.lst) OBJECT(.\char.obj)

line level    source

   1          #include "char.h"
   2          
   3          /* 清除字串，长度为len个字节 */
   4          void clear_char_str(unsigned char *str2clear, unsigned int len)
   5          {
   6   1              xdata unsigned int i;   
   7   1      
   8   1              for(i = 0; i < len; i++)
   9   1              {
  10   2                      str2clear[i] = 0;
  11   2              }
  12   1      }
  13          
  14          /* 比较两个字符串是否相同 */
  15          unsigned char os_strcmp(unsigned char *str1, unsigned char *str2)
  16          {
  17   1              while((*str1) || (*str2))
  18   1              {
  19   2                      if(*str1++ != *str2++)
  20   2                              return 1;
  21   2              }
  22   1              return 0;
  23   1      }


MODULE INFORMATION:   STATIC OVERLAYABLE
   CODE SIZE        =    152    ----
   CONSTANT SIZE    =   ----    ----
   XDATA SIZE       =   ----       2
   PDATA SIZE       =   ----    ----
   DATA SIZE        =   ----      11
   IDATA SIZE       =   ----    ----
   BIT SIZE         =   ----    ----
END OF MODULE INFORMATION.


C51 COMPILATION COMPLETE.  0 WARNING(S),  0 ERROR(S)
