C51 COMPILER V9.02   COMMON                                                                03/10/2016 13:23:16 PAGE 1   


C51 COMPILER V9.02, COMPILATION OF MODULE COMMON
OBJECT MODULE PLACED IN .\common.obj
COMPILER INVOKED BY: D:\msprograms\keil4\C51\BIN\C51.EXE ..\src\common.c OPTIMIZE(2,SPEED) BROWSE INCDIR(../head) DEBUG 
                    -OBJECTEXTEND PRINT(.\common.lst) OBJECT(.\common.obj)

line level    source

   1          #include "common.h"
   2          
   3          /*****************************************
   4           *∫¡√Î—” ±∫Ø ˝
   5           *¿˝:delay_ms(1000);    —” ±1000∫¡√Î 
   6           *****************************************/
   7          void delay_ms(unsigned int ms)
   8          {
   9   1              static xdata unsigned int i = 1000;
  10   1      
  11   1              while(ms --)
  12   1              {
  13   2                      while(i --);
  14   2                      i = 1000;
  15   2              }
  16   1      
  17   1      }
  18          
  19          /*****************************************
  20           *—” ±10ms∫Ø ˝
  21           *¿˝:delay_10ms();    —” ±10∫¡√Î 
  22           *****************************************/
  23          void delay_10ms(void)
  24          {
  25   1      
  26   1      }
  27          
  28          /*****************************************
  29           *Œ¢√Î—” ±∫Ø ˝
  30           *¿˝:delay_us(1000);    —” ±1000Œ¢√Î 
  31           *****************************************/
  32          void delay_us(unsigned int us)
  33          {
  34   1              while(us --)
  35   1              {
  36   2                      _nop_();_nop_();_nop_();_nop_();_nop_();_nop_();_nop_();_nop_();_nop_();_nop_();
  37   2                      _nop_();_nop_();_nop_();_nop_();_nop_();_nop_();_nop_();_nop_();_nop_();_nop_();
  38   2                      _nop_();_nop_();_nop_();_nop_();_nop_();_nop_();_nop_();_nop_();_nop_();
  39   2                      
  40   2              }
  41   1      }


MODULE INFORMATION:   STATIC OVERLAYABLE
   CODE SIZE        =    102    ----
   CONSTANT SIZE    =   ----    ----
   XDATA SIZE       =      2    ----
   PDATA SIZE       =   ----    ----
   DATA SIZE        =   ----       4
   IDATA SIZE       =   ----    ----
   BIT SIZE         =   ----    ----
END OF MODULE INFORMATION.


C51 COMPILATION COMPLETE.  0 WARNING(S),  0 ERROR(S)
